
==============================================
START : FUNC_BUILD_KERNEL
==============================================

build project=k
build common config=msm8916_sec_defconfig 
build variant config=msm8916_sec___defconfig 
build secure option= 
build SEANDROID option= 
[33m
Help
/home/khusika/Documents/OS/WIP/GrandPrime/SM-G530H_KK_Opensource/Kernel/build_msm8916_kernel.sh $1 $2 $3
  $1 : 
 for KLEOS EUR OPEN use kleos_eur
 for ROSSA CHN CMCC use rossa_cmcc
 for ROSSA CHN CTC use rossa_ctc
 for ROSSA AUS XSA use rossa_aus
 for FORTUNA CHN CMCC use fortuna_cmcc
 for FORTUNA CHN CTC use fortuna_ctc
 for FORTUNA CHN CU use fortuna_cu
 for FORTUNA SEA OPEN use fortuna_sea
 for FORTUNA3G EUR OPEN use fortuna3g_eur
 for GPEN_EUR_OPEN use gpen_eur
 for HEAT EUR OPEN use heat_eur
 for A3 CHN OPEN use a3_chnopen
 for A3 CHN CTC use a3_chntw
 for A3 CHN CTC use a3_chnctc
 for A3 EUR OPEN use a3lte_eur
 for A33G EUR OPEN use a33g_eur
 for VIVALTO_AUS_XSA use vivalto_aus
 for VIVALTO_MEA use vivalto_mea
  $2 : 
      -B or Nothing  (-B : Secure Binary)
  $3 : 
      -E or Nothing  (-E : SEANDROID Binary)
[0m
